2016.08.26 15:13:10	1	Начало экспорта БД `gomeletz_main`
2016.08.26 15:13:10	1	Экспорт таблицы `ajw1s_assets`
2016.08.26 15:13:10	1	Экспорт таблицы `ajw1s_associations`
2016.08.26 15:13:10	1	Экспорт таблицы `ajw1s_banner_clients`
2016.08.26 15:13:10	1	Экспорт таблицы `ajw1s_banner_tracks`
2016.08.26 15:13:10	1	Экспорт таблицы `ajw1s_banners`
2016.08.26 15:13:10	1	Экспорт таблицы `ajw1s_categories`
2016.08.26 15:13:10	1	Экспорт таблицы `ajw1s_contact_details`
2016.08.26 15:13:10	1	Экспорт таблицы `ajw1s_content`
2016.08.26 15:13:10	1	Экспорт таблицы `ajw1s_content_frontpage`
2016.08.26 15:13:10	1	Экспорт таблицы `ajw1s_content_rating`
2016.08.26 15:13:10	1	Экспорт таблицы `ajw1s_content_types`
2016.08.26 15:13:10	1	Экспорт таблицы `ajw1s_contentitem_tag_map`
2016.08.26 15:13:10	1	Экспорт таблицы `ajw1s_core_log_searches`
2016.08.26 15:13:10	1	Экспорт таблицы `ajw1s_extensions`
2016.08.26 15:13:11	1	Экспорт таблицы `ajw1s_finder_filters`
2016.08.26 15:13:11	1	Экспорт таблицы `ajw1s_finder_links`
2016.08.26 15:13:11	1	Экспорт таблицы `ajw1s_finder_links_terms0`
2016.08.26 15:13:11	1	Экспорт таблицы `ajw1s_finder_links_terms1`
2016.08.26 15:13:11	1	Экспорт таблицы `ajw1s_finder_links_terms2`
2016.08.26 15:13:11	1	Экспорт таблицы `ajw1s_finder_links_terms3`
2016.08.26 15:13:11	1	Экспорт таблицы `ajw1s_finder_links_terms4`
2016.08.26 15:13:11	1	Экспорт таблицы `ajw1s_finder_links_terms5`
2016.08.26 15:13:11	1	Экспорт таблицы `ajw1s_finder_links_terms6`
2016.08.26 15:13:11	1	Экспорт таблицы `ajw1s_finder_links_terms7`
2016.08.26 15:13:11	1	Экспорт таблицы `ajw1s_finder_links_terms8`
2016.08.26 15:13:11	1	Экспорт таблицы `ajw1s_finder_links_terms9`
2016.08.26 15:13:11	1	Экспорт таблицы `ajw1s_finder_links_termsa`
2016.08.26 15:13:11	1	Экспорт таблицы `ajw1s_finder_links_termsb`
2016.08.26 15:13:11	1	Экспорт таблицы `ajw1s_finder_links_termsc`
2016.08.26 15:13:11	1	Экспорт таблицы `ajw1s_finder_links_termsd`
2016.08.26 15:13:11	1	Экспорт таблицы `ajw1s_finder_links_termse`
2016.08.26 15:13:11	1	Экспорт таблицы `ajw1s_finder_links_termsf`
2016.08.26 15:13:11	1	Экспорт таблицы `ajw1s_finder_taxonomy`
2016.08.26 15:13:11	1	Экспорт таблицы `ajw1s_finder_taxonomy_map`
2016.08.26 15:13:11	1	Экспорт таблицы `ajw1s_finder_terms`
2016.08.26 15:13:11	1	Экспорт таблицы `ajw1s_finder_terms_common`
2016.08.26 15:13:11	1	Экспорт таблицы `ajw1s_finder_tokens`
2016.08.26 15:13:11	1	Экспорт таблицы `ajw1s_finder_tokens_aggregate`
2016.08.26 15:13:11	1	Экспорт таблицы `ajw1s_finder_types`
2016.08.26 15:13:11	1	Экспорт таблицы `ajw1s_jshopping_addons`
2016.08.26 15:13:11	1	Экспорт таблицы `ajw1s_jshopping_attr`
2016.08.26 15:13:11	1	Экспорт таблицы `ajw1s_jshopping_attr_groups`
2016.08.26 15:13:11	1	Экспорт таблицы `ajw1s_jshopping_attr_values`
2016.08.26 15:13:11	1	Экспорт таблицы `ajw1s_jshopping_cart_temp`
2016.08.26 15:13:11	1	Экспорт таблицы `ajw1s_jshopping_categories`
2016.08.26 15:13:11	1	Экспорт таблицы `ajw1s_jshopping_config`
2016.08.26 15:13:11	1	Экспорт таблицы `ajw1s_jshopping_config_display_prices`
2016.08.26 15:13:11	1	Экспорт таблицы `ajw1s_jshopping_config_seo`
2016.08.26 15:13:11	1	Экспорт таблицы `ajw1s_jshopping_config_statictext`
2016.08.26 15:13:11	1	Экспорт таблицы `ajw1s_jshopping_countries`
2016.08.26 15:13:11	1	Экспорт таблицы `ajw1s_jshopping_coupons`
2016.08.26 15:13:11	1	Экспорт таблицы `ajw1s_jshopping_currencies`
2016.08.26 15:13:11	1	Экспорт таблицы `ajw1s_jshopping_delivery_times`
2016.08.26 15:13:11	1	Экспорт таблицы `ajw1s_jshopping_free_attr`
2016.08.26 15:13:11	1	Экспорт таблицы `ajw1s_jshopping_import_export`
2016.08.26 15:13:11	1	Экспорт таблицы `ajw1s_jshopping_languages`
2016.08.26 15:13:11	1	Экспорт таблицы `ajw1s_jshopping_manufacturers`
2016.08.26 15:13:11	1	Экспорт таблицы `ajw1s_jshopping_order_history`
2016.08.26 15:13:11	1	Экспорт таблицы `ajw1s_jshopping_order_item`
2016.08.26 15:13:11	1	Экспорт таблицы `ajw1s_jshopping_order_status`
2016.08.26 15:13:11	1	Экспорт таблицы `ajw1s_jshopping_orders`
2016.08.26 15:13:11	1	Экспорт таблицы `ajw1s_jshopping_payment_method`
2016.08.26 15:13:11	1	Экспорт таблицы `ajw1s_jshopping_payment_trx`
2016.08.26 15:13:11	1	Экспорт таблицы `ajw1s_jshopping_payment_trx_data`
2016.08.26 15:13:11	1	Экспорт таблицы `ajw1s_jshopping_product_labels`
2016.08.26 15:13:11	1	Экспорт таблицы `ajw1s_jshopping_products`
2016.08.26 15:13:11	1	Экспорт таблицы `ajw1s_jshopping_products_attr`
2016.08.26 15:13:11	1	Экспорт таблицы `ajw1s_jshopping_products_attr2`
2016.08.26 15:13:11	1	Экспорт таблицы `ajw1s_jshopping_products_extra_field_groups`
2016.08.26 15:13:11	1	Экспорт таблицы `ajw1s_jshopping_products_extra_field_values`
2016.08.26 15:13:11	1	Экспорт таблицы `ajw1s_jshopping_products_extra_fields`
2016.08.26 15:13:11	1	Экспорт таблицы `ajw1s_jshopping_products_files`
2016.08.26 15:13:11	1	Экспорт таблицы `ajw1s_jshopping_products_free_attr`
2016.08.26 15:13:11	1	Экспорт таблицы `ajw1s_jshopping_products_images`
2016.08.26 15:13:11	1	Экспорт таблицы `ajw1s_jshopping_products_option`
2016.08.26 15:13:11	1	Экспорт таблицы `ajw1s_jshopping_products_prices`
2016.08.26 15:13:11	1	Экспорт таблицы `ajw1s_jshopping_products_relations`
2016.08.26 15:13:11	1	Экспорт таблицы `ajw1s_jshopping_products_reviews`
2016.08.26 15:13:11	1	Экспорт таблицы `ajw1s_jshopping_products_to_categories`
2016.08.26 15:13:11	1	Экспорт таблицы `ajw1s_jshopping_products_videos`
2016.08.26 15:13:11	1	Экспорт таблицы `ajw1s_jshopping_shipping_ext_calc`
2016.08.26 15:13:11	1	Экспорт таблицы `ajw1s_jshopping_shipping_method`
2016.08.26 15:13:11	1	Экспорт таблицы `ajw1s_jshopping_shipping_method_price`
2016.08.26 15:13:11	1	Экспорт таблицы `ajw1s_jshopping_shipping_method_price_countries`
2016.08.26 15:13:11	1	Экспорт таблицы `ajw1s_jshopping_shipping_method_price_weight`
2016.08.26 15:13:11	1	Экспорт таблицы `ajw1s_jshopping_taxes`
2016.08.26 15:13:11	1	Экспорт таблицы `ajw1s_jshopping_taxes_ext`
2016.08.26 15:13:11	1	Экспорт таблицы `ajw1s_jshopping_unit`
2016.08.26 15:13:11	1	Экспорт таблицы `ajw1s_jshopping_usergroups`
2016.08.26 15:13:11	1	Экспорт таблицы `ajw1s_jshopping_users`
2016.08.26 15:13:11	1	Экспорт таблицы `ajw1s_jshopping_vendors`
2016.08.26 15:13:11	1	Экспорт таблицы `ajw1s_languages`
2016.08.26 15:13:11	1	Экспорт таблицы `ajw1s_menu`
2016.08.26 15:13:11	1	Экспорт таблицы `ajw1s_menu_types`
2016.08.26 15:13:11	1	Экспорт таблицы `ajw1s_messages`
2016.08.26 15:13:11	1	Экспорт таблицы `ajw1s_messages_cfg`
2016.08.26 15:13:11	1	Экспорт таблицы `ajw1s_modules`
2016.08.26 15:13:11	1	Экспорт таблицы `ajw1s_modules_menu`
2016.08.26 15:13:11	1	Экспорт таблицы `ajw1s_newsfeeds`
2016.08.26 15:13:11	1	Экспорт таблицы `ajw1s_overrider`
2016.08.26 15:13:11	1	Экспорт таблицы `ajw1s_postinstall_messages`
2016.08.26 15:13:11	1	Экспорт таблицы `ajw1s_redirect_links`
2016.08.26 15:13:11	1	Экспорт таблицы `ajw1s_schemas`
2016.08.26 15:13:11	1	Экспорт таблицы `ajw1s_session`
2016.08.26 15:13:11	1	Экспорт таблицы `ajw1s_tags`
2016.08.26 15:13:11	1	Экспорт таблицы `ajw1s_template_styles`
2016.08.26 15:13:11	1	Экспорт таблицы `ajw1s_ucm_base`
2016.08.26 15:13:11	1	Экспорт таблицы `ajw1s_ucm_content`
2016.08.26 15:13:11	1	Экспорт таблицы `ajw1s_ucm_history`
2016.08.26 15:13:11	1	Экспорт таблицы `ajw1s_update_sites`
2016.08.26 15:13:11	1	Экспорт таблицы `ajw1s_update_sites_extensions`
2016.08.26 15:13:11	1	Экспорт таблицы `ajw1s_updates`
2016.08.26 15:13:11	1	Экспорт таблицы `ajw1s_user_keys`
2016.08.26 15:13:11	1	Экспорт таблицы `ajw1s_user_notes`
2016.08.26 15:13:11	1	Экспорт таблицы `ajw1s_user_profiles`
2016.08.26 15:13:11	1	Экспорт таблицы `ajw1s_user_usergroup_map`
2016.08.26 15:13:11	1	Экспорт таблицы `ajw1s_usergroups`
2016.08.26 15:13:11	1	Экспорт таблицы `ajw1s_users`
2016.08.26 15:13:11	1	Экспорт таблицы `ajw1s_utf8_conversion`
2016.08.26 15:13:11	1	Экспорт таблицы `ajw1s_viewlevels`
2016.08.26 15:13:11	1	Резервная копия БД `gomeletz_main` создана.
