2016.09.01 14:20:42	1	Начало экспорта БД `gzsito`
2016.09.01 14:20:42	1	Экспорт таблицы `o4ag3_assets`
2016.09.01 14:20:42	1	Экспорт таблицы `o4ag3_associations`
2016.09.01 14:20:42	1	Экспорт таблицы `o4ag3_banner_clients`
2016.09.01 14:20:42	1	Экспорт таблицы `o4ag3_banner_tracks`
2016.09.01 14:20:42	1	Экспорт таблицы `o4ag3_banners`
2016.09.01 14:20:42	1	Экспорт таблицы `o4ag3_categories`
2016.09.01 14:20:42	1	Экспорт таблицы `o4ag3_contact_details`
2016.09.01 14:20:42	1	Экспорт таблицы `o4ag3_content`
2016.09.01 14:20:42	1	Экспорт таблицы `o4ag3_content_frontpage`
2016.09.01 14:20:42	1	Экспорт таблицы `o4ag3_content_rating`
2016.09.01 14:20:42	1	Экспорт таблицы `o4ag3_content_types`
2016.09.01 14:20:42	1	Экспорт таблицы `o4ag3_contentitem_tag_map`
2016.09.01 14:20:42	1	Экспорт таблицы `o4ag3_core_log_searches`
2016.09.01 14:20:42	1	Экспорт таблицы `o4ag3_extensions`
2016.09.01 14:20:42	1	Экспорт таблицы `o4ag3_falang_content`
2016.09.01 14:20:42	1	Экспорт таблицы `o4ag3_falang_tableinfo`
2016.09.01 14:20:42	1	Экспорт таблицы `o4ag3_finder_filters`
2016.09.01 14:20:42	1	Экспорт таблицы `o4ag3_finder_links`
2016.09.01 14:20:42	1	Экспорт таблицы `o4ag3_finder_links_terms0`
2016.09.01 14:20:42	1	Экспорт таблицы `o4ag3_finder_links_terms1`
2016.09.01 14:20:42	1	Экспорт таблицы `o4ag3_finder_links_terms2`
2016.09.01 14:20:42	1	Экспорт таблицы `o4ag3_finder_links_terms3`
2016.09.01 14:20:42	1	Экспорт таблицы `o4ag3_finder_links_terms4`
2016.09.01 14:20:42	1	Экспорт таблицы `o4ag3_finder_links_terms5`
2016.09.01 14:20:42	1	Экспорт таблицы `o4ag3_finder_links_terms6`
2016.09.01 14:20:42	1	Экспорт таблицы `o4ag3_finder_links_terms7`
2016.09.01 14:20:42	1	Экспорт таблицы `o4ag3_finder_links_terms8`
2016.09.01 14:20:42	1	Экспорт таблицы `o4ag3_finder_links_terms9`
2016.09.01 14:20:42	1	Экспорт таблицы `o4ag3_finder_links_termsa`
2016.09.01 14:20:42	1	Экспорт таблицы `o4ag3_finder_links_termsb`
2016.09.01 14:20:42	1	Экспорт таблицы `o4ag3_finder_links_termsc`
2016.09.01 14:20:42	1	Экспорт таблицы `o4ag3_finder_links_termsd`
2016.09.01 14:20:42	1	Экспорт таблицы `o4ag3_finder_links_termse`
2016.09.01 14:20:42	1	Экспорт таблицы `o4ag3_finder_links_termsf`
2016.09.01 14:20:42	1	Экспорт таблицы `o4ag3_finder_taxonomy`
2016.09.01 14:20:42	1	Экспорт таблицы `o4ag3_finder_taxonomy_map`
2016.09.01 14:20:42	1	Экспорт таблицы `o4ag3_finder_terms`
2016.09.01 14:20:42	1	Экспорт таблицы `o4ag3_finder_terms_common`
2016.09.01 14:20:42	1	Экспорт таблицы `o4ag3_finder_tokens`
2016.09.01 14:20:42	1	Экспорт таблицы `o4ag3_finder_tokens_aggregate`
2016.09.01 14:20:42	1	Экспорт таблицы `o4ag3_finder_types`
2016.09.01 14:20:42	1	Экспорт таблицы `o4ag3_jshopping_addons`
2016.09.01 14:20:42	1	Экспорт таблицы `o4ag3_jshopping_attr`
2016.09.01 14:20:42	1	Экспорт таблицы `o4ag3_jshopping_attr_groups`
2016.09.01 14:20:42	1	Экспорт таблицы `o4ag3_jshopping_attr_values`
2016.09.01 14:20:42	1	Экспорт таблицы `o4ag3_jshopping_cart_temp`
2016.09.01 14:20:42	1	Экспорт таблицы `o4ag3_jshopping_categories`
2016.09.01 14:20:42	1	Экспорт таблицы `o4ag3_jshopping_config`
2016.09.01 14:20:42	1	Экспорт таблицы `o4ag3_jshopping_config_display_prices`
2016.09.01 14:20:42	1	Экспорт таблицы `o4ag3_jshopping_config_seo`
2016.09.01 14:20:42	1	Экспорт таблицы `o4ag3_jshopping_config_statictext`
2016.09.01 14:20:42	1	Экспорт таблицы `o4ag3_jshopping_countries`
2016.09.01 14:20:42	1	Экспорт таблицы `o4ag3_jshopping_coupons`
2016.09.01 14:20:42	1	Экспорт таблицы `o4ag3_jshopping_currencies`
2016.09.01 14:20:42	1	Экспорт таблицы `o4ag3_jshopping_delivery_times`
2016.09.01 14:20:42	1	Экспорт таблицы `o4ag3_jshopping_free_attr`
2016.09.01 14:20:42	1	Экспорт таблицы `o4ag3_jshopping_import_export`
2016.09.01 14:20:42	1	Экспорт таблицы `o4ag3_jshopping_languages`
2016.09.01 14:20:42	1	Экспорт таблицы `o4ag3_jshopping_manufacturers`
2016.09.01 14:20:42	1	Экспорт таблицы `o4ag3_jshopping_order_history`
2016.09.01 14:20:42	1	Экспорт таблицы `o4ag3_jshopping_order_item`
2016.09.01 14:20:42	1	Экспорт таблицы `o4ag3_jshopping_order_status`
2016.09.01 14:20:42	1	Экспорт таблицы `o4ag3_jshopping_orders`
2016.09.01 14:20:42	1	Экспорт таблицы `o4ag3_jshopping_payment_method`
2016.09.01 14:20:42	1	Экспорт таблицы `o4ag3_jshopping_payment_trx`
2016.09.01 14:20:42	1	Экспорт таблицы `o4ag3_jshopping_payment_trx_data`
2016.09.01 14:20:42	1	Экспорт таблицы `o4ag3_jshopping_product_labels`
2016.09.01 14:20:42	1	Экспорт таблицы `o4ag3_jshopping_products`
2016.09.01 14:20:42	1	Экспорт таблицы `o4ag3_jshopping_products_attr`
2016.09.01 14:20:42	1	Экспорт таблицы `o4ag3_jshopping_products_attr2`
2016.09.01 14:20:42	1	Экспорт таблицы `o4ag3_jshopping_products_extra_field_groups`
2016.09.01 14:20:42	1	Экспорт таблицы `o4ag3_jshopping_products_extra_field_values`
2016.09.01 14:20:42	1	Экспорт таблицы `o4ag3_jshopping_products_extra_fields`
2016.09.01 14:20:42	1	Экспорт таблицы `o4ag3_jshopping_products_files`
2016.09.01 14:20:42	1	Экспорт таблицы `o4ag3_jshopping_products_free_attr`
2016.09.01 14:20:42	1	Экспорт таблицы `o4ag3_jshopping_products_images`
2016.09.01 14:20:42	1	Экспорт таблицы `o4ag3_jshopping_products_option`
2016.09.01 14:20:42	1	Экспорт таблицы `o4ag3_jshopping_products_prices`
2016.09.01 14:20:42	1	Экспорт таблицы `o4ag3_jshopping_products_relations`
2016.09.01 14:20:42	1	Экспорт таблицы `o4ag3_jshopping_products_reviews`
2016.09.01 14:20:42	1	Экспорт таблицы `o4ag3_jshopping_products_to_categories`
2016.09.01 14:20:42	1	Экспорт таблицы `o4ag3_jshopping_products_videos`
2016.09.01 14:20:42	1	Экспорт таблицы `o4ag3_jshopping_shipping_ext_calc`
2016.09.01 14:20:42	1	Экспорт таблицы `o4ag3_jshopping_shipping_method`
2016.09.01 14:20:42	1	Экспорт таблицы `o4ag3_jshopping_shipping_method_price`
2016.09.01 14:20:42	1	Экспорт таблицы `o4ag3_jshopping_shipping_method_price_countries`
2016.09.01 14:20:42	1	Экспорт таблицы `o4ag3_jshopping_shipping_method_price_weight`
2016.09.01 14:20:42	1	Экспорт таблицы `o4ag3_jshopping_taxes`
2016.09.01 14:20:42	1	Экспорт таблицы `o4ag3_jshopping_taxes_ext`
2016.09.01 14:20:42	1	Экспорт таблицы `o4ag3_jshopping_unit`
2016.09.01 14:20:42	1	Экспорт таблицы `o4ag3_jshopping_usergroups`
2016.09.01 14:20:42	1	Экспорт таблицы `o4ag3_jshopping_users`
2016.09.01 14:20:42	1	Экспорт таблицы `o4ag3_jshopping_vendors`
2016.09.01 14:20:42	1	Экспорт таблицы `o4ag3_languages`
2016.09.01 14:20:42	1	Экспорт таблицы `o4ag3_menu`
2016.09.01 14:20:42	1	Экспорт таблицы `o4ag3_menu_types`
2016.09.01 14:20:42	1	Экспорт таблицы `o4ag3_messages`
2016.09.01 14:20:42	1	Экспорт таблицы `o4ag3_messages_cfg`
2016.09.01 14:20:42	1	Экспорт таблицы `o4ag3_modules`
2016.09.01 14:20:42	1	Экспорт таблицы `o4ag3_modules_menu`
2016.09.01 14:20:42	1	Экспорт таблицы `o4ag3_newsfeeds`
2016.09.01 14:20:42	1	Экспорт таблицы `o4ag3_overrider`
2016.09.01 14:20:42	1	Экспорт таблицы `o4ag3_postinstall_messages`
2016.09.01 14:20:42	1	Экспорт таблицы `o4ag3_redirect_links`
2016.09.01 14:20:42	1	Экспорт таблицы `o4ag3_schemas`
2016.09.01 14:20:42	1	Экспорт таблицы `o4ag3_session`
2016.09.01 14:20:42	1	Экспорт таблицы `o4ag3_tags`
2016.09.01 14:20:42	1	Экспорт таблицы `o4ag3_template_styles`
2016.09.01 14:20:42	1	Экспорт таблицы `o4ag3_ucm_base`
2016.09.01 14:20:42	1	Экспорт таблицы `o4ag3_ucm_content`
2016.09.01 14:20:42	1	Экспорт таблицы `o4ag3_ucm_history`
2016.09.01 14:20:42	1	Экспорт таблицы `o4ag3_update_sites`
2016.09.01 14:20:42	1	Экспорт таблицы `o4ag3_update_sites_extensions`
2016.09.01 14:20:42	1	Экспорт таблицы `o4ag3_updates`
2016.09.01 14:20:42	1	Экспорт таблицы `o4ag3_user_keys`
2016.09.01 14:20:42	1	Экспорт таблицы `o4ag3_user_notes`
2016.09.01 14:20:42	1	Экспорт таблицы `o4ag3_user_profiles`
2016.09.01 14:20:42	1	Экспорт таблицы `o4ag3_user_usergroup_map`
2016.09.01 14:20:42	1	Экспорт таблицы `o4ag3_usergroups`
2016.09.01 14:20:42	1	Экспорт таблицы `o4ag3_users`
2016.09.01 14:20:42	1	Экспорт таблицы `o4ag3_utf8_conversion`
2016.09.01 14:20:42	1	Экспорт таблицы `o4ag3_viewlevels`
2016.09.01 14:20:42	1	Резервная копия БД `gzsito` создана.
